<?xml version="1.0" encoding="UTF-8"?>
<testng-results ignored="0" total="1" passed="1" failed="0" skipped="0">
  <reporter-output>
  </reporter-output>
  <suite started-at="2021-03-08T17:07:55 IST" name="Default suite" finished-at="2021-03-08T17:08:20 IST" duration-ms="25594">
    <groups>
    </groups>
    <test started-at="2021-03-08T17:07:55 IST" name="Default test" finished-at="2021-03-08T17:08:20 IST" duration-ms="25594">
      <class name="Changs1.Changs1_2.googleaccount">
        <test-method signature="f()[pri:0, instance:Changs1.Changs1_2.googleaccount@2e55dd0c]" started-at="2021-03-08T17:07:55 IST" name="f" finished-at="2021-03-08T17:08:20 IST" duration-ms="25532" status="PASS">
          <reporter-output>
          </reporter-output>
        </test-method> <!-- f -->
      </class> <!-- Changs1.Changs1_2.googleaccount -->
    </test> <!-- Default test -->
  </suite> <!-- Default suite -->
</testng-results>
